<?xml version="1.0" encoding="UTF-8"?>
<testng-results skipped="0" failed="0" ignored="0" total="1" passed="1">
  <reporter-output>
  </reporter-output>
  <suite name="Default suite" duration-ms="17541" started-at="2017-03-21T17:44:41Z" finished-at="2017-03-21T17:44:58Z">
    <groups>
    </groups>
    <test name="Default test" duration-ms="17541" started-at="2017-03-21T17:44:41Z" finished-at="2017-03-21T17:44:58Z">
      <class name="com.test.practice.NewTest">
        <test-method status="PASS" signature="verifySeleniumBlog()[pri:0, instance:com.test.practice.NewTest@7cd62f43]" name="verifySeleniumBlog" duration-ms="17519" started-at="2017-03-21T18:44:41Z" finished-at="2017-03-21T18:44:58Z">
          <reporter-output>
          </reporter-output>
        </test-method> <!-- verifySeleniumBlog -->
      </class> <!-- com.test.practice.NewTest -->
    </test> <!-- Default test -->
  </suite> <!-- Default suite -->
</testng-results>
