<?xml version="1.0" encoding="UTF-8"?>
<testng-results skipped="0" failed="0" ignored="0" total="1" passed="1">
  <reporter-output>
  </reporter-output>
  <suite name="Default suite" duration-ms="11183" started-at="2017-03-21T17:52:39Z" finished-at="2017-03-21T17:52:50Z">
    <groups>
    </groups>
    <test name="Default test" duration-ms="11183" started-at="2017-03-21T17:52:39Z" finished-at="2017-03-21T17:52:50Z">
      <class name="com.test.practice.NewTest">
        <test-method status="PASS" signature="verifySeleniumBlog()[pri:0, instance:com.test.practice.NewTest@685cb137]" name="verifySeleniumBlog" duration-ms="11156" started-at="2017-03-21T18:52:39Z" finished-at="2017-03-21T18:52:50Z">
          <reporter-output>
          </reporter-output>
        </test-method> <!-- verifySeleniumBlog -->
      </class> <!-- com.test.practice.NewTest -->
    </test> <!-- Default test -->
  </suite> <!-- Default suite -->
</testng-results>
